<?xml version="1.0" encoding="UTF-8"?>
<testsuite xmlns:xsi="http://www.w3.org/2001/XMLSchema-instance" xsi:noNamespaceSchemaLocation="https://maven.apache.org/surefire/maven-surefire-plugin/xsd/surefire-test-report.xsd" name="dqetool.dbms.TestSQLitePQS" time="0.154" tests="1" errors="1" skipped="0" failures="0">
  <properties>
    <property name="java.specification.version" value="21"/>
    <property name="sun.jnu.encoding" value="UTF-8"/>
    <property name="java.class.path" value="/Users/aishwaryasripati/Desktop/ACV_TRIO_RESEARCH/target/test-classes:/Users/aishwaryasripati/Desktop/ACV_TRIO_RESEARCH/target/classes:/Users/aishwaryasripati/.m2/repository/com/google/auto/service/auto-service/1.0.1/auto-service-1.0.1.jar:/Users/aishwaryasripati/.m2/repository/com/google/auto/service/auto-service-annotations/1.0.1/auto-service-annotations-1.0.1.jar:/Users/aishwaryasripati/.m2/repository/com/google/auto/auto-common/1.2/auto-common-1.2.jar:/Users/aishwaryasripati/.m2/repository/com/google/guava/guava/31.0.1-jre/guava-31.0.1-jre.jar:/Users/aishwaryasripati/.m2/repository/com/google/guava/failureaccess/1.0.1/failureaccess-1.0.1.jar:/Users/aishwaryasripati/.m2/repository/com/google/guava/listenablefuture/9999.0-empty-to-avoid-conflict-with-guava/listenablefuture-9999.0-empty-to-avoid-conflict-with-guava.jar:/Users/aishwaryasripati/.m2/repository/com/google/code/findbugs/jsr305/3.0.2/jsr305-3.0.2.jar:/Users/aishwaryasripati/.m2/repository/com/google/errorprone/error_prone_annotations/2.7.1/error_prone_annotations-2.7.1.jar:/Users/aishwaryasripati/.m2/repository/com/google/j2objc/j2objc-annotations/1.3/j2objc-annotations-1.3.jar:/Users/aishwaryasripati/.m2/repository/com/beust/jcommander/1.82/jcommander-1.82.jar:/Users/aishwaryasripati/.m2/repository/org/postgresql/postgresql/42.5.1/postgresql-42.5.1.jar:/Users/aishwaryasripati/.m2/repository/org/checkerframework/checker-qual/3.5.0/checker-qual-3.5.0.jar:/Users/aishwaryasripati/.m2/repository/com/ing/data/cassandra-jdbc-wrapper/4.7.0/cassandra-jdbc-wrapper-4.7.0.jar:/Users/aishwaryasripati/.m2/repository/com/datastax/oss/java-driver-core/4.14.1/java-driver-core-4.14.1.jar:/Users/aishwaryasripati/.m2/repository/com/datastax/oss/native-protocol/1.5.1/native-protocol-1.5.1.jar:/Users/aishwaryasripati/.m2/repository/io/netty/netty-handler/4.1.75.Final/netty-handler-4.1.75.Final.jar:/Users/aishwaryasripati/.m2/repository/io/netty/netty-common/4.1.75.Final/netty-common-4.1.75.Final.jar:/Users/aishwaryasripati/.m2/repository/io/netty/netty-resolver/4.1.75.Final/netty-resolver-4.1.75.Final.jar:/Users/aishwaryasripati/.m2/repository/io/netty/netty-buffer/4.1.75.Final/netty-buffer-4.1.75.Final.jar:/Users/aishwaryasripati/.m2/repository/io/netty/netty-transport/4.1.75.Final/netty-transport-4.1.75.Final.jar:/Users/aishwaryasripati/.m2/repository/io/netty/netty-codec/4.1.75.Final/netty-codec-4.1.75.Final.jar:/Users/aishwaryasripati/.m2/repository/com/datastax/oss/java-driver-shaded-guava/25.1-jre-graal-sub-1/java-driver-shaded-guava-25.1-jre-graal-sub-1.jar:/Users/aishwaryasripati/.m2/repository/com/typesafe/config/1.4.1/config-1.4.1.jar:/Users/aishwaryasripati/.m2/repository/com/github/jnr/jnr-posix/3.1.15/jnr-posix-3.1.15.jar:/Users/aishwaryasripati/.m2/repository/com/github/jnr/jnr-ffi/2.2.11/jnr-ffi-2.2.11.jar:/Users/aishwaryasripati/.m2/repository/com/github/jnr/jffi/1.3.9/jffi-1.3.9.jar:/Users/aishwaryasripati/.m2/repository/com/github/jnr/jffi/1.3.9/jffi-1.3.9-native.jar:/Users/aishwaryasripati/.m2/repository/org/ow2/asm/asm/9.2/asm-9.2.jar:/Users/aishwaryasripati/.m2/repository/org/ow2/asm/asm-commons/9.2/asm-commons-9.2.jar:/Users/aishwaryasripati/.m2/repository/org/ow2/asm/asm-analysis/9.2/asm-analysis-9.2.jar:/Users/aishwaryasripati/.m2/repository/org/ow2/asm/asm-tree/9.2/asm-tree-9.2.jar:/Users/aishwaryasripati/.m2/repository/org/ow2/asm/asm-util/9.2/asm-util-9.2.jar:/Users/aishwaryasripati/.m2/repository/com/github/jnr/jnr-a64asm/1.0.0/jnr-a64asm-1.0.0.jar:/Users/aishwaryasripati/.m2/repository/com/github/jnr/jnr-x86asm/1.0.2/jnr-x86asm-1.0.2.jar:/Users/aishwaryasripati/.m2/repository/com/github/jnr/jnr-constants/0.10.3/jnr-constants-0.10.3.jar:/Users/aishwaryasripati/.m2/repository/io/dropwizard/metrics/metrics-core/4.1.18/metrics-core-4.1.18.jar:/Users/aishwaryasripati/.m2/repository/org/hdrhistogram/HdrHistogram/2.1.12/HdrHistogram-2.1.12.jar:/Users/aishwaryasripati/.m2/repository/com/fasterxml/jackson/core/jackson-core/2.13.2/jackson-core-2.13.2.jar:/Users/aishwaryasripati/.m2/repository/com/fasterxml/jackson/core/jackson-databind/2.13.2.2/jackson-databind-2.13.2.2.jar:/Users/aishwaryasripati/.m2/repository/com/fasterxml/jackson/core/jackson-annotations/2.13.2/jackson-annotations-2.13.2.jar:/Users/aishwaryasripati/.m2/repository/org/reactivestreams/reactive-streams/1.0.3/reactive-streams-1.0.3.jar:/Users/aishwaryasripati/.m2/repository/com/github/stephenc/jcip/jcip-annotations/1.0-1/jcip-annotations-1.0-1.jar:/Users/aishwaryasripati/.m2/repository/com/github/spotbugs/spotbugs-annotations/3.1.12/spotbugs-annotations-3.1.12.jar:/Users/aishwaryasripati/.m2/repository/org/apache/commons/commons-lang3/3.12.0/commons-lang3-3.12.0.jar:/Users/aishwaryasripati/.m2/repository/com/yugabyte/jdbc-yugabytedb/42.3.5-yb-1/jdbc-yugabytedb-42.3.5-yb-1.jar:/Users/aishwaryasripati/.m2/repository/org/xerial/sqlite-jdbc/3.40.0.0/sqlite-jdbc-3.40.0.0.jar:/Users/aishwaryasripati/.m2/repository/mysql/mysql-connector-java/8.0.30/mysql-connector-java-8.0.30.jar:/Users/aishwaryasripati/.m2/repository/com/google/protobuf/protobuf-java/3.19.4/protobuf-java-3.19.4.jar:/Users/aishwaryasripati/.m2/repository/org/mariadb/jdbc/mariadb-java-client/3.1.0/mariadb-java-client-3.1.0.jar:/Users/aishwaryasripati/.m2/repository/com/github/waffle/waffle-jna/3.2.0/waffle-jna-3.2.0.jar:/Users/aishwaryasripati/.m2/repository/net/java/dev/jna/jna/5.12.1/jna-5.12.1.jar:/Users/aishwaryasripati/.m2/repository/net/java/dev/jna/jna-platform/5.12.1/jna-platform-5.12.1.jar:/Users/aishwaryasripati/.m2/repository/org/slf4j/jcl-over-slf4j/1.7.36/jcl-over-slf4j-1.7.36.jar:/Users/aishwaryasripati/.m2/repository/com/github/ben-manes/caffeine/caffeine/2.9.3/caffeine-2.9.3.jar:/Users/aishwaryasripati/.m2/repository/org/duckdb/duckdb_jdbc/0.5.1/duckdb_jdbc-0.5.1.jar:/Users/aishwaryasripati/.m2/repository/org/junit/jupiter/junit-jupiter-engine/5.9.1/junit-jupiter-engine-5.9.1.jar:/Users/aishwaryasripati/.m2/repository/org/junit/platform/junit-platform-engine/1.9.1/junit-platform-engine-1.9.1.jar:/Users/aishwaryasripati/.m2/repository/org/opentest4j/opentest4j/1.2.0/opentest4j-1.2.0.jar:/Users/aishwaryasripati/.m2/repository/org/junit/platform/junit-platform-commons/1.9.1/junit-platform-commons-1.9.1.jar:/Users/aishwaryasripati/.m2/repository/org/junit/jupiter/junit-jupiter-api/5.9.1/junit-jupiter-api-5.9.1.jar:/Users/aishwaryasripati/.m2/repository/org/apiguardian/apiguardian-api/1.1.2/apiguardian-api-1.1.2.jar:/Users/aishwaryasripati/.m2/repository/org/slf4j/slf4j-simple/2.0.6/slf4j-simple-2.0.6.jar:/Users/aishwaryasripati/.m2/repository/org/slf4j/slf4j-api/2.0.6/slf4j-api-2.0.6.jar:/Users/aishwaryasripati/.m2/repository/ru/yandex/clickhouse/clickhouse-jdbc/0.3.2/clickhouse-jdbc-0.3.2.jar:/Users/aishwaryasripati/.m2/repository/com/clickhouse/clickhouse-http-client/0.3.2/clickhouse-http-client-0.3.2.jar:/Users/aishwaryasripati/.m2/repository/com/clickhouse/clickhouse-client/0.3.2/clickhouse-client-0.3.2.jar:/Users/aishwaryasripati/.m2/repository/com/google/code/gson/gson/2.8.8/gson-2.8.8.jar:/Users/aishwaryasripati/.m2/repository/org/apache/httpcomponents/httpclient/4.5.13/httpclient-4.5.13.jar:/Users/aishwaryasripati/.m2/repository/org/apache/httpcomponents/httpcore/4.4.13/httpcore-4.4.13.jar:/Users/aishwaryasripati/.m2/repository/commons-logging/commons-logging/1.2/commons-logging-1.2.jar:/Users/aishwaryasripati/.m2/repository/commons-codec/commons-codec/1.11/commons-codec-1.11.jar:/Users/aishwaryasripati/.m2/repository/org/apache/httpcomponents/httpmime/4.5.13/httpmime-4.5.13.jar:/Users/aishwaryasripati/.m2/repository/org/lz4/lz4-java/1.8.0/lz4-java-1.8.0.jar:/Users/aishwaryasripati/.m2/repository/com/h2database/h2/2.1.214/h2-2.1.214.jar:/Users/aishwaryasripati/.m2/repository/org/mongodb/mongodb-driver-sync/4.1.1/mongodb-driver-sync-4.1.1.jar:/Users/aishwaryasripati/.m2/repository/org/mongodb/bson/4.1.1/bson-4.1.1.jar:/Users/aishwaryasripati/.m2/repository/org/mongodb/mongodb-driver-core/4.1.1/mongodb-driver-core-4.1.1.jar:/Users/aishwaryasripati/.m2/repository/com/arangodb/arangodb-java-driver/6.9.0/arangodb-java-driver-6.9.0.jar:/Users/aishwaryasripati/.m2/repository/com/arangodb/velocypack/2.5.1/velocypack-2.5.1.jar:/Users/aishwaryasripati/.m2/repository/org/questdb/questdb/6.5.3/questdb-6.5.3.jar:/Users/aishwaryasripati/.m2/repository/org/hsqldb/hsqldb/2.7.1/hsqldb-2.7.1.jar:"/>
    <property name="java.vm.vendor" value="Oracle Corporation"/>
    <property name="sun.arch.data.model" value="64"/>
    <property name="java.vendor.url" value="https://java.oracle.com/"/>
    <property name="os.name" value="Mac OS X"/>
    <property name="java.vm.specification.version" value="21"/>
    <property name="sun.java.launcher" value="SUN_STANDARD"/>
    <property name="user.country" value="IN"/>
    <property name="sun.boot.library.path" value="/Library/Java/JavaVirtualMachines/jdk-21.jdk/Contents/Home/lib"/>
    <property name="sun.java.command" value="/Users/aishwaryasripati/Desktop/ACV_TRIO_RESEARCH/target/surefire/surefirebooter3808128150065107835.jar /Users/aishwaryasripati/Desktop/ACV_TRIO_RESEARCH/target/surefire 2024-04-19T16-14-40_565-jvmRun1 surefire9400037189849657981tmp surefire_07408541873588306071tmp"/>
    <property name="http.nonProxyHosts" value="local|*.local|169.254/16|*.169.254/16"/>
    <property name="jdk.debug" value="release"/>
    <property name="test" value="dqetool.dbms.TestSQLitePQS"/>
    <property name="surefire.test.class.path" value="/Users/aishwaryasripati/Desktop/ACV_TRIO_RESEARCH/target/test-classes:/Users/aishwaryasripati/Desktop/ACV_TRIO_RESEARCH/target/classes:/Users/aishwaryasripati/.m2/repository/com/google/auto/service/auto-service/1.0.1/auto-service-1.0.1.jar:/Users/aishwaryasripati/.m2/repository/com/google/auto/service/auto-service-annotations/1.0.1/auto-service-annotations-1.0.1.jar:/Users/aishwaryasripati/.m2/repository/com/google/auto/auto-common/1.2/auto-common-1.2.jar:/Users/aishwaryasripati/.m2/repository/com/google/guava/guava/31.0.1-jre/guava-31.0.1-jre.jar:/Users/aishwaryasripati/.m2/repository/com/google/guava/failureaccess/1.0.1/failureaccess-1.0.1.jar:/Users/aishwaryasripati/.m2/repository/com/google/guava/listenablefuture/9999.0-empty-to-avoid-conflict-with-guava/listenablefuture-9999.0-empty-to-avoid-conflict-with-guava.jar:/Users/aishwaryasripati/.m2/repository/com/google/code/findbugs/jsr305/3.0.2/jsr305-3.0.2.jar:/Users/aishwaryasripati/.m2/repository/com/google/errorprone/error_prone_annotations/2.7.1/error_prone_annotations-2.7.1.jar:/Users/aishwaryasripati/.m2/repository/com/google/j2objc/j2objc-annotations/1.3/j2objc-annotations-1.3.jar:/Users/aishwaryasripati/.m2/repository/com/beust/jcommander/1.82/jcommander-1.82.jar:/Users/aishwaryasripati/.m2/repository/org/postgresql/postgresql/42.5.1/postgresql-42.5.1.jar:/Users/aishwaryasripati/.m2/repository/org/checkerframework/checker-qual/3.5.0/checker-qual-3.5.0.jar:/Users/aishwaryasripati/.m2/repository/com/ing/data/cassandra-jdbc-wrapper/4.7.0/cassandra-jdbc-wrapper-4.7.0.jar:/Users/aishwaryasripati/.m2/repository/com/datastax/oss/java-driver-core/4.14.1/java-driver-core-4.14.1.jar:/Users/aishwaryasripati/.m2/repository/com/datastax/oss/native-protocol/1.5.1/native-protocol-1.5.1.jar:/Users/aishwaryasripati/.m2/repository/io/netty/netty-handler/4.1.75.Final/netty-handler-4.1.75.Final.jar:/Users/aishwaryasripati/.m2/repository/io/netty/netty-common/4.1.75.Final/netty-common-4.1.75.Final.jar:/Users/aishwaryasripati/.m2/repository/io/netty/netty-resolver/4.1.75.Final/netty-resolver-4.1.75.Final.jar:/Users/aishwaryasripati/.m2/repository/io/netty/netty-buffer/4.1.75.Final/netty-buffer-4.1.75.Final.jar:/Users/aishwaryasripati/.m2/repository/io/netty/netty-transport/4.1.75.Final/netty-transport-4.1.75.Final.jar:/Users/aishwaryasripati/.m2/repository/io/netty/netty-codec/4.1.75.Final/netty-codec-4.1.75.Final.jar:/Users/aishwaryasripati/.m2/repository/com/datastax/oss/java-driver-shaded-guava/25.1-jre-graal-sub-1/java-driver-shaded-guava-25.1-jre-graal-sub-1.jar:/Users/aishwaryasripati/.m2/repository/com/typesafe/config/1.4.1/config-1.4.1.jar:/Users/aishwaryasripati/.m2/repository/com/github/jnr/jnr-posix/3.1.15/jnr-posix-3.1.15.jar:/Users/aishwaryasripati/.m2/repository/com/github/jnr/jnr-ffi/2.2.11/jnr-ffi-2.2.11.jar:/Users/aishwaryasripati/.m2/repository/com/github/jnr/jffi/1.3.9/jffi-1.3.9.jar:/Users/aishwaryasripati/.m2/repository/com/github/jnr/jffi/1.3.9/jffi-1.3.9-native.jar:/Users/aishwaryasripati/.m2/repository/org/ow2/asm/asm/9.2/asm-9.2.jar:/Users/aishwaryasripati/.m2/repository/org/ow2/asm/asm-commons/9.2/asm-commons-9.2.jar:/Users/aishwaryasripati/.m2/repository/org/ow2/asm/asm-analysis/9.2/asm-analysis-9.2.jar:/Users/aishwaryasripati/.m2/repository/org/ow2/asm/asm-tree/9.2/asm-tree-9.2.jar:/Users/aishwaryasripati/.m2/repository/org/ow2/asm/asm-util/9.2/asm-util-9.2.jar:/Users/aishwaryasripati/.m2/repository/com/github/jnr/jnr-a64asm/1.0.0/jnr-a64asm-1.0.0.jar:/Users/aishwaryasripati/.m2/repository/com/github/jnr/jnr-x86asm/1.0.2/jnr-x86asm-1.0.2.jar:/Users/aishwaryasripati/.m2/repository/com/github/jnr/jnr-constants/0.10.3/jnr-constants-0.10.3.jar:/Users/aishwaryasripati/.m2/repository/io/dropwizard/metrics/metrics-core/4.1.18/metrics-core-4.1.18.jar:/Users/aishwaryasripati/.m2/repository/org/hdrhistogram/HdrHistogram/2.1.12/HdrHistogram-2.1.12.jar:/Users/aishwaryasripati/.m2/repository/com/fasterxml/jackson/core/jackson-core/2.13.2/jackson-core-2.13.2.jar:/Users/aishwaryasripati/.m2/repository/com/fasterxml/jackson/core/jackson-databind/2.13.2.2/jackson-databind-2.13.2.2.jar:/Users/aishwaryasripati/.m2/repository/com/fasterxml/jackson/core/jackson-annotations/2.13.2/jackson-annotations-2.13.2.jar:/Users/aishwaryasripati/.m2/repository/org/reactivestreams/reactive-streams/1.0.3/reactive-streams-1.0.3.jar:/Users/aishwaryasripati/.m2/repository/com/github/stephenc/jcip/jcip-annotations/1.0-1/jcip-annotations-1.0-1.jar:/Users/aishwaryasripati/.m2/repository/com/github/spotbugs/spotbugs-annotations/3.1.12/spotbugs-annotations-3.1.12.jar:/Users/aishwaryasripati/.m2/repository/org/apache/commons/commons-lang3/3.12.0/commons-lang3-3.12.0.jar:/Users/aishwaryasripati/.m2/repository/com/yugabyte/jdbc-yugabytedb/42.3.5-yb-1/jdbc-yugabytedb-42.3.5-yb-1.jar:/Users/aishwaryasripati/.m2/repository/org/xerial/sqlite-jdbc/3.40.0.0/sqlite-jdbc-3.40.0.0.jar:/Users/aishwaryasripati/.m2/repository/mysql/mysql-connector-java/8.0.30/mysql-connector-java-8.0.30.jar:/Users/aishwaryasripati/.m2/repository/com/google/protobuf/protobuf-java/3.19.4/protobuf-java-3.19.4.jar:/Users/aishwaryasripati/.m2/repository/org/mariadb/jdbc/mariadb-java-client/3.1.0/mariadb-java-client-3.1.0.jar:/Users/aishwaryasripati/.m2/repository/com/github/waffle/waffle-jna/3.2.0/waffle-jna-3.2.0.jar:/Users/aishwaryasripati/.m2/repository/net/java/dev/jna/jna/5.12.1/jna-5.12.1.jar:/Users/aishwaryasripati/.m2/repository/net/java/dev/jna/jna-platform/5.12.1/jna-platform-5.12.1.jar:/Users/aishwaryasripati/.m2/repository/org/slf4j/jcl-over-slf4j/1.7.36/jcl-over-slf4j-1.7.36.jar:/Users/aishwaryasripati/.m2/repository/com/github/ben-manes/caffeine/caffeine/2.9.3/caffeine-2.9.3.jar:/Users/aishwaryasripati/.m2/repository/org/duckdb/duckdb_jdbc/0.5.1/duckdb_jdbc-0.5.1.jar:/Users/aishwaryasripati/.m2/repository/org/junit/jupiter/junit-jupiter-engine/5.9.1/junit-jupiter-engine-5.9.1.jar:/Users/aishwaryasripati/.m2/repository/org/junit/platform/junit-platform-engine/1.9.1/junit-platform-engine-1.9.1.jar:/Users/aishwaryasripati/.m2/repository/org/opentest4j/opentest4j/1.2.0/opentest4j-1.2.0.jar:/Users/aishwaryasripati/.m2/repository/org/junit/platform/junit-platform-commons/1.9.1/junit-platform-commons-1.9.1.jar:/Users/aishwaryasripati/.m2/repository/org/junit/jupiter/junit-jupiter-api/5.9.1/junit-jupiter-api-5.9.1.jar:/Users/aishwaryasripati/.m2/repository/org/apiguardian/apiguardian-api/1.1.2/apiguardian-api-1.1.2.jar:/Users/aishwaryasripati/.m2/repository/org/slf4j/slf4j-simple/2.0.6/slf4j-simple-2.0.6.jar:/Users/aishwaryasripati/.m2/repository/org/slf4j/slf4j-api/2.0.6/slf4j-api-2.0.6.jar:/Users/aishwaryasripati/.m2/repository/ru/yandex/clickhouse/clickhouse-jdbc/0.3.2/clickhouse-jdbc-0.3.2.jar:/Users/aishwaryasripati/.m2/repository/com/clickhouse/clickhouse-http-client/0.3.2/clickhouse-http-client-0.3.2.jar:/Users/aishwaryasripati/.m2/repository/com/clickhouse/clickhouse-client/0.3.2/clickhouse-client-0.3.2.jar:/Users/aishwaryasripati/.m2/repository/com/google/code/gson/gson/2.8.8/gson-2.8.8.jar:/Users/aishwaryasripati/.m2/repository/org/apache/httpcomponents/httpclient/4.5.13/httpclient-4.5.13.jar:/Users/aishwaryasripati/.m2/repository/org/apache/httpcomponents/httpcore/4.4.13/httpcore-4.4.13.jar:/Users/aishwaryasripati/.m2/repository/commons-logging/commons-logging/1.2/commons-logging-1.2.jar:/Users/aishwaryasripati/.m2/repository/commons-codec/commons-codec/1.11/commons-codec-1.11.jar:/Users/aishwaryasripati/.m2/repository/org/apache/httpcomponents/httpmime/4.5.13/httpmime-4.5.13.jar:/Users/aishwaryasripati/.m2/repository/org/lz4/lz4-java/1.8.0/lz4-java-1.8.0.jar:/Users/aishwaryasripati/.m2/repository/com/h2database/h2/2.1.214/h2-2.1.214.jar:/Users/aishwaryasripati/.m2/repository/org/mongodb/mongodb-driver-sync/4.1.1/mongodb-driver-sync-4.1.1.jar:/Users/aishwaryasripati/.m2/repository/org/mongodb/bson/4.1.1/bson-4.1.1.jar:/Users/aishwaryasripati/.m2/repository/org/mongodb/mongodb-driver-core/4.1.1/mongodb-driver-core-4.1.1.jar:/Users/aishwaryasripati/.m2/repository/com/arangodb/arangodb-java-driver/6.9.0/arangodb-java-driver-6.9.0.jar:/Users/aishwaryasripati/.m2/repository/com/arangodb/velocypack/2.5.1/velocypack-2.5.1.jar:/Users/aishwaryasripati/.m2/repository/org/questdb/questdb/6.5.3/questdb-6.5.3.jar:/Users/aishwaryasripati/.m2/repository/org/hsqldb/hsqldb/2.7.1/hsqldb-2.7.1.jar:"/>
    <property name="sun.cpu.endian" value="little"/>
    <property name="user.home" value="/Users/aishwaryasripati"/>
    <property name="user.language" value="en"/>
    <property name="java.specification.vendor" value="Oracle Corporation"/>
    <property name="java.version.date" value="2023-10-17"/>
    <property name="java.home" value="/Library/Java/JavaVirtualMachines/jdk-21.jdk/Contents/Home"/>
    <property name="file.separator" value="/"/>
    <property name="basedir" value="/Users/aishwaryasripati/Desktop/ACV_TRIO_RESEARCH"/>
    <property name="java.vm.compressedOopsMode" value="Zero based"/>
    <property name="line.separator" value="&#10;"/>
    <property name="java.vm.specification.vendor" value="Oracle Corporation"/>
    <property name="java.specification.name" value="Java Platform API Specification"/>
    <property name="apple.awt.application.name" value="ForkedBooter"/>
    <property name="surefire.real.class.path" value="/Users/aishwaryasripati/Desktop/ACV_TRIO_RESEARCH/target/surefire/surefirebooter3808128150065107835.jar"/>
    <property name="sun.management.compiler" value="HotSpot 64-Bit Tiered Compilers"/>
    <property name="ftp.nonProxyHosts" value="local|*.local|169.254/16|*.169.254/16"/>
    <property name="java.runtime.version" value="21.0.1+12-LTS-29"/>
    <property name="user.name" value="aishwaryasripati"/>
    <property name="stdout.encoding" value="UTF-8"/>
    <property name="path.separator" value=":"/>
    <property name="os.version" value="14.2.1"/>
    <property name="java.runtime.name" value="Java(TM) SE Runtime Environment"/>
    <property name="file.encoding" value="UTF-8"/>
    <property name="java.vm.name" value="Java HotSpot(TM) 64-Bit Server VM"/>
    <property name="localRepository" value="/Users/aishwaryasripati/.m2/repository"/>
    <property name="java.vendor.url.bug" value="https://bugreport.java.com/bugreport/"/>
    <property name="java.io.tmpdir" value="/var/folders/gr/pglm347j0z30v6tpbb110vx80000gn/T/"/>
    <property name="java.version" value="21.0.1"/>
    <property name="user.dir" value="/Users/aishwaryasripati/Desktop/ACV_TRIO_RESEARCH"/>
    <property name="os.arch" value="aarch64"/>
    <property name="java.vm.specification.name" value="Java Virtual Machine Specification"/>
    <property name="native.encoding" value="UTF-8"/>
    <property name="java.library.path" value="/Users/aishwaryasripati/Library/Java/Extensions:/Library/Java/Extensions:/Network/Library/Java/Extensions:/System/Library/Java/Extensions:/usr/lib/java:."/>
    <property name="java.vm.info" value="mixed mode, sharing"/>
    <property name="stderr.encoding" value="UTF-8"/>
    <property name="java.vendor" value="Oracle Corporation"/>
    <property name="java.vm.version" value="21.0.1+12-LTS-29"/>
    <property name="sun.io.unicode.encoding" value="UnicodeBig"/>
    <property name="socksNonProxyHosts" value="local|*.local|169.254/16|*.169.254/16"/>
    <property name="java.class.version" value="65.0"/>
  </properties>
  <testcase name="testSqlitePQS" classname="dqetool.dbms.TestSQLitePQS" time="0.143">
    <error message="Invalid value for --oracle parameter. Allowed values:[DQE]" type="com.beust.jcommander.ParameterException">com.beust.jcommander.ParameterException: Invalid value for --oracle parameter. Allowed values:[DQE]
	at dqetool.dbms.TestSQLitePQS.testSqlitePQS(TestSQLitePQS.java:14)
</error>
    <system-err><![CDATA[java.lang.instrument.IllegalClassFormatException: Error while instrumenting java/sql/SQLException with JaCoCo 0.8.8.202204050719/5dcf34a.
	at org.jacoco.agent.rt.internal_b6258fc.CoverageTransformer.transform(CoverageTransformer.java:94)
	at java.instrument/java.lang.instrument.ClassFileTransformer.transform(ClassFileTransformer.java:244)
	at java.instrument/sun.instrument.TransformerManager.transform(TransformerManager.java:188)
	at java.instrument/sun.instrument.InstrumentationImpl.transform(InstrumentationImpl.java:610)
	at java.base/java.lang.ClassLoader.defineClass2(Native Method)
	at java.base/java.lang.ClassLoader.defineClass(ClassLoader.java:1118)
	at java.base/java.security.SecureClassLoader.defineClass(SecureClassLoader.java:182)
	at java.base/jdk.internal.loader.BuiltinClassLoader.defineClass(BuiltinClassLoader.java:821)
	at java.base/jdk.internal.loader.BuiltinClassLoader.findClassInModuleOrNull(BuiltinClassLoader.java:741)
	at java.base/jdk.internal.loader.BuiltinClassLoader.loadClassOrNull(BuiltinClassLoader.java:665)
	at java.base/jdk.internal.loader.BuiltinClassLoader.loadClassOrNull(BuiltinClassLoader.java:700)
	at java.base/jdk.internal.loader.BuiltinClassLoader.loadClassOrNull(BuiltinClassLoader.java:669)
	at java.base/jdk.internal.loader.BuiltinClassLoader.loadClass(BuiltinClassLoader.java:639)
	at java.base/jdk.internal.loader.ClassLoaders$AppClassLoader.loadClass(ClassLoaders.java:188)
	at java.base/java.lang.ClassLoader.loadClass(ClassLoader.java:526)
	at java.base/java.lang.Class.getDeclaredConstructors0(Native Method)
	at java.base/java.lang.Class.privateGetDeclaredConstructors(Class.java:3549)
	at java.base/java.lang.Class.getConstructor0(Class.java:3754)
	at java.base/java.lang.Class.getConstructor(Class.java:2442)
	at java.base/java.util.ServiceLoader$1.run(ServiceLoader.java:666)
	at java.base/java.util.ServiceLoader$1.run(ServiceLoader.java:663)
	at java.base/java.security.AccessController.doPrivileged(AccessController.java:571)
	at java.base/java.util.ServiceLoader.getConstructor(ServiceLoader.java:674)
	at java.base/java.util.ServiceLoader$LazyClassPathLookupIterator.hasNextService(ServiceLoader.java:1240)
	at java.base/java.util.ServiceLoader$LazyClassPathLookupIterator.hasNext(ServiceLoader.java:1273)
	at java.base/java.util.ServiceLoader$2.hasNext(ServiceLoader.java:1309)
	at java.base/java.util.ServiceLoader$3.hasNext(ServiceLoader.java:1393)
	at dqetool.Main.getDBMSProviders(Main.java:609)
	at dqetool.Main.executeMain(Main.java:456)
	at dqetool.dbms.TestSQLitePQS.testSqlitePQS(TestSQLitePQS.java:14)
	at java.base/jdk.internal.reflect.DirectMethodHandleAccessor.invoke(DirectMethodHandleAccessor.java:103)
	at java.base/java.lang.reflect.Method.invoke(Method.java:580)
	at org.junit.platform.commons.util.ReflectionUtils.invokeMethod(ReflectionUtils.java:727)
	at org.junit.jupiter.engine.execution.MethodInvocation.proceed(MethodInvocation.java:60)
	at org.junit.jupiter.engine.execution.InvocationInterceptorChain$ValidatingInvocation.proceed(InvocationInterceptorChain.java:131)
	at org.junit.jupiter.engine.extension.TimeoutExtension.intercept(TimeoutExtension.java:156)
	at org.junit.jupiter.engine.extension.TimeoutExtension.interceptTestableMethod(TimeoutExtension.java:147)
	at org.junit.jupiter.engine.extension.TimeoutExtension.interceptTestMethod(TimeoutExtension.java:86)
	at org.junit.jupiter.engine.execution.InterceptingExecutableInvoker$ReflectiveInterceptorCall.lambda$ofVoidMethod$0(InterceptingExecutableInvoker.java:103)
	at org.junit.jupiter.engine.execution.InterceptingExecutableInvoker.lambda$invoke$0(InterceptingExecutableInvoker.java:93)
	at org.junit.jupiter.engine.execution.InvocationInterceptorChain$InterceptedInvocation.proceed(InvocationInterceptorChain.java:106)
	at org.junit.jupiter.engine.execution.InvocationInterceptorChain.proceed(InvocationInterceptorChain.java:64)
	at org.junit.jupiter.engine.execution.InvocationInterceptorChain.chainAndInvoke(InvocationInterceptorChain.java:45)
	at org.junit.jupiter.engine.execution.InvocationInterceptorChain.invoke(InvocationInterceptorChain.java:37)
	at org.junit.jupiter.engine.execution.InterceptingExecutableInvoker.invoke(InterceptingExecutableInvoker.java:92)
	at org.junit.jupiter.engine.execution.InterceptingExecutableInvoker.invoke(InterceptingExecutableInvoker.java:86)
	at org.junit.jupiter.engine.descriptor.TestMethodTestDescriptor.lambda$invokeTestMethod$7(TestMethodTestDescriptor.java:217)
	at org.junit.platform.engine.support.hierarchical.ThrowableCollector.execute(ThrowableCollector.java:73)
	at org.junit.jupiter.engine.descriptor.TestMethodTestDescriptor.invokeTestMethod(TestMethodTestDescriptor.java:213)
	at org.junit.jupiter.engine.descriptor.TestMethodTestDescriptor.execute(TestMethodTestDescriptor.java:138)
	at org.junit.jupiter.engine.descriptor.TestMethodTestDescriptor.execute(TestMethodTestDescriptor.java:68)
	at org.junit.platform.engine.support.hierarchical.NodeTestTask.lambda$executeRecursively$6(NodeTestTask.java:151)
	at org.junit.platform.engine.support.hierarchical.ThrowableCollector.execute(ThrowableCollector.java:73)
	at org.junit.platform.engine.support.hierarchical.NodeTestTask.lambda$executeRecursively$8(NodeTestTask.java:141)
	at org.junit.platform.engine.support.hierarchical.Node.around(Node.java:137)
	at org.junit.platform.engine.support.hierarchical.NodeTestTask.lambda$executeRecursively$9(NodeTestTask.java:139)
	at org.junit.platform.engine.support.hierarchical.ThrowableCollector.execute(ThrowableCollector.java:73)
	at org.junit.platform.engine.support.hierarchical.NodeTestTask.executeRecursively(NodeTestTask.java:138)
	at org.junit.platform.engine.support.hierarchical.NodeTestTask.execute(NodeTestTask.java:95)
	at java.base/java.util.ArrayList.forEach(ArrayList.java:1596)
	at org.junit.platform.engine.support.hierarchical.SameThreadHierarchicalTestExecutorService.invokeAll(SameThreadHierarchicalTestExecutorService.java:41)
	at org.junit.platform.engine.support.hierarchical.NodeTestTask.lambda$executeRecursively$6(NodeTestTask.java:155)
	at org.junit.platform.engine.support.hierarchical.ThrowableCollector.execute(ThrowableCollector.java:73)
	at org.junit.platform.engine.support.hierarchical.NodeTestTask.lambda$executeRecursively$8(NodeTestTask.java:141)
	at org.junit.platform.engine.support.hierarchical.Node.around(Node.java:137)
	at org.junit.platform.engine.support.hierarchical.NodeTestTask.lambda$executeRecursively$9(NodeTestTask.java:139)
	at org.junit.platform.engine.support.hierarchical.ThrowableCollector.execute(ThrowableCollector.java:73)
	at org.junit.platform.engine.support.hierarchical.NodeTestTask.executeRecursively(NodeTestTask.java:138)
	at org.junit.platform.engine.support.hierarchical.NodeTestTask.execute(NodeTestTask.java:95)
	at java.base/java.util.ArrayList.forEach(ArrayList.java:1596)
	at org.junit.platform.engine.support.hierarchical.SameThreadHierarchicalTestExecutorService.invokeAll(SameThreadHierarchicalTestExecutorService.java:41)
	at org.junit.platform.engine.support.hierarchical.NodeTestTask.lambda$executeRecursively$6(NodeTestTask.java:155)
	at org.junit.platform.engine.support.hierarchical.ThrowableCollector.execute(ThrowableCollector.java:73)
	at org.junit.platform.engine.support.hierarchical.NodeTestTask.lambda$executeRecursively$8(NodeTestTask.java:141)
	at org.junit.platform.engine.support.hierarchical.Node.around(Node.java:137)
	at org.junit.platform.engine.support.hierarchical.NodeTestTask.lambda$executeRecursively$9(NodeTestTask.java:139)
	at org.junit.platform.engine.support.hierarchical.ThrowableCollector.execute(ThrowableCollector.java:73)
	at org.junit.platform.engine.support.hierarchical.NodeTestTask.executeRecursively(NodeTestTask.java:138)
	at org.junit.platform.engine.support.hierarchical.NodeTestTask.execute(NodeTestTask.java:95)
	at org.junit.platform.engine.support.hierarchical.SameThreadHierarchicalTestExecutorService.submit(SameThreadHierarchicalTestExecutorService.java:35)
	at org.junit.platform.engine.support.hierarchical.HierarchicalTestExecutor.execute(HierarchicalTestExecutor.java:57)
	at org.junit.platform.engine.support.hierarchical.HierarchicalTestEngine.execute(HierarchicalTestEngine.java:54)
	at org.junit.platform.launcher.core.DefaultLauncher.execute(DefaultLauncher.java:220)
	at org.junit.platform.launcher.core.DefaultLauncher.lambda$execute$6(DefaultLauncher.java:188)
	at org.junit.platform.launcher.core.DefaultLauncher.withInterceptedStreams(DefaultLauncher.java:202)
	at org.junit.platform.launcher.core.DefaultLauncher.execute(DefaultLauncher.java:181)
	at org.junit.platform.launcher.core.DefaultLauncher.execute(DefaultLauncher.java:128)
	at org.apache.maven.surefire.junitplatform.JUnitPlatformProvider.invokeAllTests(JUnitPlatformProvider.java:150)
	at org.apache.maven.surefire.junitplatform.JUnitPlatformProvider.invoke(JUnitPlatformProvider.java:124)
	at org.apache.maven.surefire.booter.ForkedBooter.invokeProviderInSameClassLoader(ForkedBooter.java:384)
	at org.apache.maven.surefire.booter.ForkedBooter.runSuitesInProcess(ForkedBooter.java:345)
	at org.apache.maven.surefire.booter.ForkedBooter.execute(ForkedBooter.java:126)
	at org.apache.maven.surefire.booter.ForkedBooter.main(ForkedBooter.java:418)
Caused by: java.io.IOException: Error while instrumenting java/sql/SQLException with JaCoCo 0.8.8.202204050719/5dcf34a.
	at org.jacoco.agent.rt.internal_b6258fc.core.instr.Instrumenter.instrumentError(Instrumenter.java:161)
	at org.jacoco.agent.rt.internal_b6258fc.core.instr.Instrumenter.instrument(Instrumenter.java:111)
	at org.jacoco.agent.rt.internal_b6258fc.CoverageTransformer.transform(CoverageTransformer.java:92)
	... 92 more
Caused by: java.lang.IllegalArgumentException: Unsupported class file major version 65
	at org.jacoco.agent.rt.internal_b6258fc.asm.ClassReader.<init>(ClassReader.java:199)
	at org.jacoco.agent.rt.internal_b6258fc.asm.ClassReader.<init>(ClassReader.java:180)
	at org.jacoco.agent.rt.internal_b6258fc.asm.ClassReader.<init>(ClassReader.java:166)
	at org.jacoco.agent.rt.internal_b6258fc.core.internal.instr.InstrSupport.classReaderFor(InstrSupport.java:280)
	at org.jacoco.agent.rt.internal_b6258fc.core.instr.Instrumenter.instrument(Instrumenter.java:77)
	at org.jacoco.agent.rt.internal_b6258fc.core.instr.Instrumenter.instrument(Instrumenter.java:109)
	... 93 more
]]></system-err>
  </testcase>
</testsuite>